#! /usr/bin/vvp
:ivl_version "12.0 (stable)";
:ivl_delay_selection "TYPICAL";
:vpi_time_precision - 12;
:vpi_module "/usr/lib/x86_64-linux-gnu/ivl/system.vpi";
:vpi_module "/usr/lib/x86_64-linux-gnu/ivl/vhdl_sys.vpi";
:vpi_module "/usr/lib/x86_64-linux-gnu/ivl/vhdl_textio.vpi";
:vpi_module "/usr/lib/x86_64-linux-gnu/ivl/v2005_math.vpi";
:vpi_module "/usr/lib/x86_64-linux-gnu/ivl/va_math.vpi";
S_0x59eaafa144c0 .scope module, "instruction_memory_tb" "instruction_memory_tb" 2 4;
 .timescale -9 -12;
v0x59eaafa3c8e0_0 .var "addr", 63 0;
v0x59eaafa3c9c0_0 .var "clk", 0 0;
v0x59eaafa3ca90_0 .net "instr", 31 0, L_0x59eaafa3cd40;  1 drivers
v0x59eaafa3cb90_0 .var/i "pass_count", 31 0;
v0x59eaafa3cc30_0 .var/i "test_count", 31 0;
S_0x59eaafa14650 .scope module, "imem" "instruction_memory" 2 16, 3 1 0, S_0x59eaafa144c0;
 .timescale -9 -12;
    .port_info 0 /INPUT 1 "clk";
    .port_info 1 /INPUT 1 "reset";
    .port_info 2 /INPUT 64 "addr";
    .port_info 3 /OUTPUT 32 "instr";
P_0x59eaaf9fa340 .param/str "MEM_INIT_FILE" 0 3 3, "imemory.txt";
P_0x59eaaf9fa380 .param/l "MEM_SIZE" 0 3 2, +C4<00000000000000000000111111111111>;
L_0x59eaafa3cd40 .functor BUFZ 32, v0x59eaafa3c3d0_0, C4<00000000000000000000000000000000>, C4<00000000000000000000000000000000>, C4<00000000000000000000000000000000>;
v0x59eaafa15460_0 .net "addr", 63 0, v0x59eaafa3c8e0_0;  1 drivers
v0x59eaafa3bcd0_0 .net "clk", 0 0, v0x59eaafa3c9c0_0;  1 drivers
v0x59eaafa3bd90_0 .var/i "decimal_value", 31 0;
v0x59eaafa3be80_0 .var/i "file", 31 0;
v0x59eaafa3bf60_0 .var/i "i", 31 0;
v0x59eaafa3c090_0 .net "instr", 31 0, L_0x59eaafa3cd40;  alias, 1 drivers
v0x59eaafa3c170 .array "mem", 4094 0, 7 0;
o0x770b64ecf138 .functor BUFZ 1, C4<z>; HiZ drive
v0x59eaafa3c230_0 .net "reset", 0 0, o0x770b64ecf138;  0 drivers
v0x59eaafa3c2f0_0 .var/i "status", 31 0;
v0x59eaafa3c3d0_0 .var "tmp", 31 0;
E_0x59eaafa0ee50 .event posedge, v0x59eaafa3c230_0, v0x59eaafa3bcd0_0;
S_0x59eaafa3c530 .scope task, "run_test" "run_test" 2 34, 2 34 0, S_0x59eaafa144c0;
 .timescale -9 -12;
v0x59eaafa3c700_0 .var "expected_instr", 31 0;
v0x59eaafa3c800_0 .var "test_addr", 63 0;
E_0x59eaaf9d5e80 .event posedge, v0x59eaafa3bcd0_0;
TD_instruction_memory_tb.run_test ;
    %load/vec4 v0x59eaafa3cc30_0;
    %addi 1, 0, 32;
    %store/vec4 v0x59eaafa3cc30_0, 0, 32;
    %load/vec4 v0x59eaafa3c800_0;
    %store/vec4 v0x59eaafa3c8e0_0, 0, 64;
    %wait E_0x59eaaf9d5e80;
    %delay 2000, 0;
    %vpi_call 2 44 "$display", "Test Case %0d:", v0x59eaafa3cc30_0 {0 0 0};
    %vpi_call 2 45 "$display", "Address = 0x%h", v0x59eaafa3c8e0_0 {0 0 0};
    %vpi_call 2 46 "$display", "Expected Instruction = 0x%h", v0x59eaafa3c700_0 {0 0 0};
    %vpi_call 2 47 "$display", "Actual Instruction   = 0x%h", v0x59eaafa3ca90_0 {0 0 0};
    %load/vec4 v0x59eaafa3ca90_0;
    %load/vec4 v0x59eaafa3c700_0;
    %cmp/e;
    %jmp/0xz  T_0.0, 6;
    %vpi_call 2 50 "$display", "Status: PASS\012" {0 0 0};
    %load/vec4 v0x59eaafa3cb90_0;
    %addi 1, 0, 32;
    %store/vec4 v0x59eaafa3cb90_0, 0, 32;
    %jmp T_0.1;
T_0.0 ;
    %vpi_call 2 53 "$display", "Status: FAIL\012" {0 0 0};
T_0.1 ;
    %end;
    .scope S_0x59eaafa14650;
T_1 ;
    %pushi/vec4 0, 0, 32;
    %store/vec4 v0x59eaafa3bf60_0, 0, 32;
T_1.0 ;
    %load/vec4 v0x59eaafa3bf60_0;
    %cmpi/s 4095, 0, 32;
    %jmp/0xz T_1.1, 5;
    %pushi/vec4 0, 0, 8;
    %ix/getv/s 4, v0x59eaafa3bf60_0;
    %store/vec4a v0x59eaafa3c170, 4, 0;
    %load/vec4 v0x59eaafa3bf60_0;
    %addi 1, 0, 32;
    %store/vec4 v0x59eaafa3bf60_0, 0, 32;
    %jmp T_1.0;
T_1.1 ;
    %vpi_func 3 25 "$fopen" 32, P_0x59eaaf9fa340, "r" {0 0 0};
    %store/vec4 v0x59eaafa3be80_0, 0, 32;
    %load/vec4 v0x59eaafa3be80_0;
    %nor/r;
    %flag_set/vec4 8;
    %jmp/0xz  T_1.2, 8;
    %vpi_call 3 27 "$display", "Error: Could not open %s", P_0x59eaaf9fa340 {0 0 0};
    %vpi_call 3 28 "$finish" {0 0 0};
T_1.2 ;
    %pushi/vec4 0, 0, 32;
    %store/vec4 v0x59eaafa3bf60_0, 0, 32;
T_1.4 ;
    %vpi_func 3 32 "$feof" 32, v0x59eaafa3be80_0 {0 0 0};
    %nor/r;
    %flag_set/vec4 9;
    %flag_get/vec4 9;
    %jmp/0 T_1.6, 9;
    %load/vec4 v0x59eaafa3bf60_0;
    %cmpi/s 4095, 0, 32;
    %flag_get/vec4 5;
    %and;
T_1.6;
    %flag_set/vec4 8;
    %jmp/0xz T_1.5, 8;
    %vpi_func 3 33 "$fscanf" 32, v0x59eaafa3be80_0, "%d", v0x59eaafa3bd90_0 {0 0 0};
    %store/vec4 v0x59eaafa3c2f0_0, 0, 32;
    %load/vec4 v0x59eaafa3c2f0_0;
    %cmpi/e 1, 0, 32;
    %flag_get/vec4 4;
    %jmp/0 T_1.10, 4;
    %pushi/vec4 0, 0, 32;
    %load/vec4 v0x59eaafa3bd90_0;
    %cmp/s;
    %flag_get/vec4 4;
    %flag_get/vec4 5;
    %or;
    %and;
T_1.10;
    %flag_set/vec4 9;
    %flag_get/vec4 9;
    %jmp/0 T_1.9, 9;
    %load/vec4 v0x59eaafa3bd90_0;
    %cmpi/s 255, 0, 32;
    %flag_get/vec4 4;
    %flag_get/vec4 5;
    %or;
    %and;
T_1.9;
    %flag_set/vec4 8;
    %jmp/0xz  T_1.7, 8;
    %load/vec4 v0x59eaafa3bd90_0;
    %pad/s 8;
    %ix/getv/s 4, v0x59eaafa3bf60_0;
    %store/vec4a v0x59eaafa3c170, 4, 0;
    %load/vec4 v0x59eaafa3bf60_0;
    %addi 1, 0, 32;
    %store/vec4 v0x59eaafa3bf60_0, 0, 32;
T_1.7 ;
    %jmp T_1.4;
T_1.5 ;
    %vpi_call 3 42 "$fclose", v0x59eaafa3be80_0 {0 0 0};
    %vpi_call 3 43 "$display", "Loaded %0d bytes from %s", v0x59eaafa3bf60_0, P_0x59eaaf9fa340 {0 0 0};
    %end;
    .thread T_1;
    .scope S_0x59eaafa14650;
T_2 ;
    %wait E_0x59eaafa0ee50;
    %load/vec4 v0x59eaafa3c230_0;
    %flag_set/vec4 8;
    %jmp/0xz  T_2.0, 8;
    %pushi/vec4 0, 0, 32;
    %assign/vec4 v0x59eaafa3c3d0_0, 0;
    %jmp T_2.1;
T_2.0 ;
    %load/vec4 v0x59eaafa15460_0;
    %addi 3, 0, 64;
    %ix/vec4 4;
    %load/vec4a v0x59eaafa3c170, 4;
    %load/vec4 v0x59eaafa15460_0;
    %addi 2, 0, 64;
    %ix/vec4 4;
    %load/vec4a v0x59eaafa3c170, 4;
    %concat/vec4; draw_concat_vec4
    %load/vec4 v0x59eaafa15460_0;
    %addi 1, 0, 64;
    %ix/vec4 4;
    %load/vec4a v0x59eaafa3c170, 4;
    %concat/vec4; draw_concat_vec4
    %load/vec4 v0x59eaafa15460_0;
    %addi 0, 0, 64;
    %ix/vec4 4;
    %load/vec4a v0x59eaafa3c170, 4;
    %concat/vec4; draw_concat_vec4
    %assign/vec4 v0x59eaafa3c3d0_0, 0;
T_2.1 ;
    %jmp T_2;
    .thread T_2;
    .scope S_0x59eaafa144c0;
T_3 ;
    %pushi/vec4 0, 0, 32;
    %store/vec4 v0x59eaafa3cc30_0, 0, 32;
    %pushi/vec4 0, 0, 32;
    %store/vec4 v0x59eaafa3cb90_0, 0, 32;
    %end;
    .thread T_3;
    .scope S_0x59eaafa144c0;
T_4 ;
    %pushi/vec4 0, 0, 1;
    %store/vec4 v0x59eaafa3c9c0_0, 0, 1;
T_4.0 ;
    %delay 5000, 0;
    %load/vec4 v0x59eaafa3c9c0_0;
    %inv;
    %store/vec4 v0x59eaafa3c9c0_0, 0, 1;
    %jmp T_4.0;
    %end;
    .thread T_4;
    .scope S_0x59eaafa144c0;
T_5 ;
    %vpi_call 2 30 "$dumpfile", "instruction_memory_tb.vcd" {0 0 0};
    %vpi_call 2 31 "$dumpvars", 32'sb00000000000000000000000000000000, S_0x59eaafa144c0 {0 0 0};
    %end;
    .thread T_5;
    .scope S_0x59eaafa144c0;
T_6 ;
    %pushi/vec4 0, 0, 64;
    %store/vec4 v0x59eaafa3c8e0_0, 0, 64;
    %pushi/vec4 0, 0, 32;
    %store/vec4 v0x59eaafa3cc30_0, 0, 32;
    %pushi/vec4 0, 0, 32;
    %store/vec4 v0x59eaafa3cb90_0, 0, 32;
    %vpi_call 2 64 "$display", "Starting Instruction Memory Test" {0 0 0};
    %delay 10000, 0;
    %pushi/vec4 0, 0, 64;
    %store/vec4 v0x59eaafa3c800_0, 0, 64;
    %pushi/vec4 857870592, 0, 32;
    %store/vec4 v0x59eaafa3c700_0, 0, 32;
    %fork TD_instruction_memory_tb.run_test, S_0x59eaafa3c530;
    %join;
    %delay 10000, 0;
    %pushi/vec4 4, 0, 64;
    %store/vec4 v0x59eaafa3c800_0, 0, 64;
    %pushi/vec4 2003195204, 0, 32;
    %store/vec4 v0x59eaafa3c700_0, 0, 32;
    %fork TD_instruction_memory_tb.run_test, S_0x59eaafa3c530;
    %join;
    %delay 10000, 0;
    %pushi/vec4 8, 0, 64;
    %store/vec4 v0x59eaafa3c800_0, 0, 64;
    %pushi/vec4 3148519816, 0, 32;
    %store/vec4 v0x59eaafa3c700_0, 0, 32;
    %fork TD_instruction_memory_tb.run_test, S_0x59eaafa3c530;
    %join;
    %delay 10000, 0;
    %pushi/vec4 12, 0, 64;
    %store/vec4 v0x59eaafa3c800_0, 0, 64;
    %pushi/vec4 4293844428, 0, 32;
    %store/vec4 v0x59eaafa3c700_0, 0, 32;
    %fork TD_instruction_memory_tb.run_test, S_0x59eaafa3c530;
    %join;
    %delay 10000, 0;
    %pushi/vec4 16, 0, 64;
    %store/vec4 v0x59eaafa3c800_0, 0, 64;
    %pushi/vec4 1060052751, 0, 32;
    %store/vec4 v0x59eaafa3c700_0, 0, 32;
    %fork TD_instruction_memory_tb.run_test, S_0x59eaafa3c530;
    %join;
    %delay 10000, 0;
    %pushi/vec4 20, 0, 64;
    %store/vec4 v0x59eaafa3c800_0, 0, 64;
    %pushi/vec4 2138005327, 0, 32;
    %store/vec4 v0x59eaafa3c700_0, 0, 32;
    %fork TD_instruction_memory_tb.run_test, S_0x59eaafa3c530;
    %join;
    %delay 10000, 0;
    %pushi/vec4 24, 0, 64;
    %store/vec4 v0x59eaafa3c800_0, 0, 64;
    %pushi/vec4 3215957903, 0, 32;
    %store/vec4 v0x59eaafa3c700_0, 0, 32;
    %fork TD_instruction_memory_tb.run_test, S_0x59eaafa3c530;
    %join;
    %delay 10000, 0;
    %pushi/vec4 28, 0, 64;
    %store/vec4 v0x59eaafa3c800_0, 0, 64;
    %pushi/vec4 4159692751, 0, 32;
    %store/vec4 v0x59eaafa3c700_0, 0, 32;
    %fork TD_instruction_memory_tb.run_test, S_0x59eaafa3c530;
    %join;
    %delay 10000, 0;
    %pushi/vec4 32, 0, 64;
    %store/vec4 v0x59eaafa3c800_0, 0, 64;
    %pushi/vec4 673059850, 0, 32;
    %store/vec4 v0x59eaafa3c700_0, 0, 32;
    %fork TD_instruction_memory_tb.run_test, S_0x59eaafa3c530;
    %join;
    %delay 10000, 0;
    %pushi/vec4 36, 0, 64;
    %store/vec4 v0x59eaafa3c800_0, 0, 64;
    %pushi/vec4 1346780210, 0, 32;
    %store/vec4 v0x59eaafa3c700_0, 0, 32;
    %fork TD_instruction_memory_tb.run_test, S_0x59eaafa3c530;
    %join;
    %delay 10000, 0;
    %pushi/vec4 40, 0, 64;
    %store/vec4 v0x59eaafa3c800_0, 0, 64;
    %pushi/vec4 2020500570, 0, 32;
    %store/vec4 v0x59eaafa3c700_0, 0, 32;
    %fork TD_instruction_memory_tb.run_test, S_0x59eaafa3c530;
    %join;
    %delay 10000, 0;
    %pushi/vec4 44, 0, 64;
    %store/vec4 v0x59eaafa3c800_0, 0, 64;
    %pushi/vec4 2694220930, 0, 32;
    %store/vec4 v0x59eaafa3c700_0, 0, 32;
    %fork TD_instruction_memory_tb.run_test, S_0x59eaafa3c530;
    %join;
    %delay 10000, 0;
    %pushi/vec4 48, 0, 64;
    %store/vec4 v0x59eaafa3c800_0, 0, 64;
    %pushi/vec4 1093474565, 0, 32;
    %store/vec4 v0x59eaafa3c700_0, 0, 32;
    %fork TD_instruction_memory_tb.run_test, S_0x59eaafa3c530;
    %join;
    %delay 10000, 0;
    %pushi/vec4 52, 0, 64;
    %store/vec4 v0x59eaafa3c800_0, 0, 64;
    %pushi/vec4 2440915285, 0, 32;
    %store/vec4 v0x59eaafa3c700_0, 0, 32;
    %fork TD_instruction_memory_tb.run_test, S_0x59eaafa3c530;
    %join;
    %delay 10000, 0;
    %pushi/vec4 56, 0, 64;
    %store/vec4 v0x59eaafa3c800_0, 0, 64;
    %pushi/vec4 3788356005, 0, 32;
    %store/vec4 v0x59eaafa3c700_0, 0, 32;
    %fork TD_instruction_memory_tb.run_test, S_0x59eaafa3c530;
    %join;
    %delay 10000, 0;
    %vpi_call 2 105 "$display", "=== Test Summary ===" {0 0 0};
    %vpi_call 2 106 "$display", "Total Tests: %0d", v0x59eaafa3cc30_0 {0 0 0};
    %vpi_call 2 107 "$display", "Passed: %0d", v0x59eaafa3cb90_0 {0 0 0};
    %load/vec4 v0x59eaafa3cc30_0;
    %load/vec4 v0x59eaafa3cb90_0;
    %sub;
    %vpi_call 2 108 "$display", "Failed: %0d", S<0,vec4,s32> {1 0 0};
    %vpi_call 2 109 "$display", "==================\012" {0 0 0};
    %delay 10000, 0;
    %vpi_call 2 111 "$finish" {0 0 0};
    %end;
    .thread T_6;
# The file index is used to find the file name in the following table.
:file_names 4;
    "N/A";
    "<interactive>";
    "instruction_mem_tb.v";
    "./instruction_mem.v";
